1613397183197	geckodriver	INFO	Listening on 127.0.0.1:57638
1613397319032	geckodriver	INFO	Listening on 127.0.0.1:57684
1613397320052	mozrunner::runner	INFO	Running command: "/Applications/Firefox.app/Contents/MacOS/firefox-bin" "--marionette" "-foreground" "-no-remote" "-profile" "/var/folders/_q/v4_qx6zx7pgd5k93lxxh1ngr0000gn/T/rust_mozprofilehAOHlX"
console.warn: SearchSettings: "get: No settings file exists, new profile?" (new Error("", "(unknown module)"))
console.warn: SearchSettings: "get: No settings file exists, new profile?" (new Error("", "(unknown module)"))
1613397336248	Marionette	INFO	Listening on port 57695
1613397336339	Marionette	WARN	TLS certificate errors will be ignored for this session
1613397336363	Marionette	ERROR	[19] No reply from Marionette:Register
1613397337768	Marionette	INFO	Stopped listening on port 57695

###!!! [Child][RunMessage] Error: Channel closing: too late to send/recv, messages will be lost


###!!! [Parent][RunMessage] Error: Channel closing: too late to send/recv, messages will be lost

1613397383695	geckodriver	INFO	Listening on 127.0.0.1:57917
1613397383717	mozrunner::runner	INFO	Running command: "/Applications/Firefox.app/Contents/MacOS/firefox-bin" "--marionette" "-foreground" "-no-remote" "-profile" "/var/folders/_q/v4_qx6zx7pgd5k93lxxh1ngr0000gn/T/rust_mozprofilefV7qAM"
console.warn: SearchSettings: "get: No settings file exists, new profile?" (new Error("", "(unknown module)"))
console.warn: SearchSettings: "get: No settings file exists, new profile?" (new Error("", "(unknown module)"))
1613397388006	Marionette	INFO	Listening on port 57926
1613397388067	Marionette	WARN	TLS certificate errors will be ignored for this session
1613397388088	Marionette	ERROR	[19] No reply from Marionette:Register
JavaScript error: resource://gre/actors/AutoCompleteChild.jsm, line 125: Error: Invalid autocomplete selectedIndex
1613397389995	Marionette	INFO	Stopped listening on port 57926

###!!! [Parent][RunMessage] Error: Channel closing: too late to send/recv, messages will be lost

